2020-08-16 21:32:14,040 [INFO] com.ayshiktest.TestingSpringApplication [restartedMain] Starting TestingSpringApplication on sandipc with PID 5346 (/home/sandip/Desktop/contactsCSVtoSQL/build/classes/java/main started by sandip in /home/sandip/Desktop/contactsCSVtoSQL)
2020-08-16 21:32:14,042 [DEBUG] com.ayshiktest.TestingSpringApplication [restartedMain] Running with Spring Boot v2.3.0.RELEASE, Spring v5.2.6.RELEASE
2020-08-16 21:32:14,043 [INFO] com.ayshiktest.TestingSpringApplication [restartedMain] No active profile set, falling back to default profiles: default
2020-08-16 21:32:14,116 [INFO] org.springframework.boot.devtools.env.DevToolsPropertyDefaultsPostProcessor [restartedMain] Devtools property defaults active! Set 'spring.devtools.add-properties' to 'false' to disable
2020-08-16 21:32:14,116 [INFO] org.springframework.boot.devtools.env.DevToolsPropertyDefaultsPostProcessor [restartedMain] For additional web related logging consider setting the 'logging.level.web' property to 'DEBUG'
2020-08-16 21:32:15,180 [INFO] org.springframework.data.repository.config.RepositoryConfigurationDelegate [restartedMain] Bootstrapping Spring Data JPA repositories in DEFERRED mode.
2020-08-16 21:32:15,255 [INFO] org.springframework.data.repository.config.RepositoryConfigurationDelegate [restartedMain] Finished Spring Data repository scanning in 64ms. Found 2 JPA repository interfaces.
2020-08-16 21:32:16,585 [INFO] org.springframework.boot.web.embedded.tomcat.TomcatWebServer [restartedMain] Tomcat initialized with port(s): 8080 (http)
2020-08-16 21:32:16,599 [INFO] org.apache.catalina.core.StandardService [restartedMain] Starting service [Tomcat]
2020-08-16 21:32:16,599 [INFO] org.apache.catalina.core.StandardEngine [restartedMain] Starting Servlet engine: [Apache Tomcat/9.0.35]
2020-08-16 21:32:16,701 [INFO] org.apache.catalina.core.ContainerBase.[Tomcat].[localhost].[/] [restartedMain] Initializing Spring embedded WebApplicationContext
2020-08-16 21:32:16,702 [INFO] org.springframework.web.context.ContextLoader [restartedMain] Root WebApplicationContext: initialization completed in 2586 ms
2020-08-16 21:32:16,791 [INFO] com.zaxxer.hikari.HikariDataSource [restartedMain] HikariPool-1 - Starting...
2020-08-16 21:32:17,126 [INFO] com.zaxxer.hikari.HikariDataSource [restartedMain] HikariPool-1 - Start completed.
2020-08-16 21:32:17,136 [INFO] org.springframework.boot.autoconfigure.h2.H2ConsoleAutoConfiguration [restartedMain] H2 console available at '/h2-console'. Database available at 'jdbc:h2:mem:testdb'
2020-08-16 21:32:17,414 [INFO] org.springframework.scheduling.concurrent.ThreadPoolTaskExecutor [restartedMain] Initializing ExecutorService 'applicationTaskExecutor'
2020-08-16 21:32:17,515 [INFO] org.hibernate.jpa.internal.util.LogHelper [task-1] HHH000204: Processing PersistenceUnitInfo [name: default]
2020-08-16 21:32:17,518 [INFO] org.dozer.config.GlobalSettings [restartedMain] Trying to find Dozer configuration file: dozer.properties
2020-08-16 21:32:17,527 [WARN] org.dozer.config.GlobalSettings [restartedMain] Dozer configuration file not found: dozer.properties.  Using defaults for all Dozer global properties.
2020-08-16 21:32:17,529 [INFO] org.dozer.DozerInitializer [restartedMain] Initializing Dozer. Version: 5.5.0, Thread Name: restartedMain
2020-08-16 21:32:17,590 [INFO] org.dozer.jmx.JMXPlatformImpl [restartedMain] Dozer JMX MBean [org.dozer.jmx:type=DozerStatisticsController] auto registered with the Platform MBean Server
2020-08-16 21:32:17,593 [INFO] org.dozer.jmx.JMXPlatformImpl [restartedMain] Dozer JMX MBean [org.dozer.jmx:type=DozerAdminController] auto registered with the Platform MBean Server
2020-08-16 21:32:17,593 [INFO] org.dozer.DozerBeanMapper [restartedMain] Initializing a new instance of dozer bean mapper.
2020-08-16 21:32:17,616 [INFO] org.hibernate.Version [task-1] HHH000412: Hibernate ORM core version 5.4.15.Final
2020-08-16 21:32:18,011 [INFO] org.hibernate.annotations.common.Version [task-1] HCANN000001: Hibernate Commons Annotations {5.1.0.Final}
2020-08-16 21:32:18,156 [WARN] org.springframework.boot.autoconfigure.orm.jpa.JpaBaseConfiguration$JpaWebConfiguration [restartedMain] spring.jpa.open-in-view is enabled by default. Therefore, database queries may be performed during view rendering. Explicitly configure spring.jpa.open-in-view to disable this warning
2020-08-16 21:32:18,338 [INFO] org.hibernate.dialect.Dialect [task-1] HHH000400: Using dialect: org.hibernate.dialect.H2Dialect
2020-08-16 21:32:19,222 [INFO] org.hibernate.engine.transaction.jta.platform.internal.JtaPlatformInitiator [task-1] HHH000490: Using JtaPlatform implementation: [org.hibernate.engine.transaction.jta.platform.internal.NoJtaPlatform]
2020-08-16 21:32:19,231 [INFO] org.springframework.orm.jpa.LocalContainerEntityManagerFactoryBean [task-1] Initialized JPA EntityManagerFactory for persistence unit 'default'
2020-08-16 21:32:19,574 [INFO] org.springframework.boot.devtools.autoconfigure.OptionalLiveReloadServer [task-2] LiveReload server is running on port 35729
2020-08-16 21:32:19,665 [INFO] springfox.documentation.spring.web.PropertySourcedRequestMappingHandlerMapping [restartedMain] Mapped URL path [/v2/api-docs] onto method [springfox.documentation.swagger2.web.Swagger2Controller#getDocumentation(String, HttpServletRequest)]
2020-08-16 21:32:20,058 [INFO] com.github.dozermapper.core.DozerBeanMapperBuilder [restartedMain] Initializing Dozer. Version: 6.5.0, Thread Name: restartedMain
2020-08-16 21:32:20,060 [INFO] com.github.dozermapper.core.util.RuntimeUtils [restartedMain] OSGi support is false
2020-08-16 21:32:20,065 [INFO] com.github.dozermapper.core.config.resolvers.LegacyPropertiesSettingsResolver [restartedMain] Trying to find Dozer configuration file: dozer.properties
2020-08-16 21:32:20,066 [INFO] com.github.dozermapper.core.config.resolvers.LegacyPropertiesSettingsResolver [restartedMain] Failed to find dozer.properties via com.github.dozermapper.core.config.resolvers.LegacyPropertiesSettingsResolver.
2020-08-16 21:32:20,075 [INFO] com.github.dozermapper.core.el.ELExpressionFactory [restartedMain] javax.el support is true
2020-08-16 21:32:20,586 [INFO] org.springframework.boot.web.embedded.tomcat.TomcatWebServer [restartedMain] Tomcat started on port(s): 8080 (http) with context path ''
2020-08-16 21:32:20,588 [INFO] springfox.documentation.spring.web.plugins.DocumentationPluginsBootstrapper [restartedMain] Context refreshed
2020-08-16 21:32:20,615 [INFO] springfox.documentation.spring.web.plugins.DocumentationPluginsBootstrapper [restartedMain] Found 1 custom documentation plugin(s)
2020-08-16 21:32:20,648 [INFO] springfox.documentation.spring.web.scanners.ApiListingReferenceScanner [restartedMain] Scanning for api listing references
2020-08-16 21:32:20,908 [INFO] org.springframework.data.repository.config.DeferredRepositoryInitializationListener [restartedMain] Triggering deferred initialization of Spring Data repositories…
2020-08-16 21:32:21,121 [INFO] org.springframework.data.repository.config.DeferredRepositoryInitializationListener [restartedMain] Spring Data repositories initialized!
2020-08-16 21:32:21,133 [INFO] com.ayshiktest.TestingSpringApplication [restartedMain] Started TestingSpringApplication in 7.59 seconds (JVM running for 8.338)
2020-08-16 21:32:40,776 [INFO] org.apache.catalina.core.ContainerBase.[Tomcat].[localhost].[/] [http-nio-8080-exec-1] Initializing Spring DispatcherServlet 'dispatcherServlet'
2020-08-16 21:32:40,778 [INFO] org.springframework.web.servlet.DispatcherServlet [http-nio-8080-exec-1] Initializing Servlet 'dispatcherServlet'
2020-08-16 21:32:40,801 [INFO] org.springframework.web.servlet.DispatcherServlet [http-nio-8080-exec-1] Completed initialization in 23 ms
2020-08-16 21:32:41,052 [INFO] com.ayshiktest.advice.LoggingAdvice [http-nio-8080-exec-1] Method Invoked : class com.ayshiktest.controller.AyshikController : fileRead
2020-08-16 21:32:42,330 [INFO] com.ayshiktest.advice.LoggingAdvice [http-nio-8080-exec-1] class com.ayshiktest.controller.AyshikController : fileRead : response : [{"id":1,"firstName":"","lastName":"","phoneNumber":"*7*3**","email":""},{"id":2,"firstName":"","lastName":"","phoneNumber":"+91798021266093","email":""},{"id":3,"firstName":"","lastName":"","phoneNumber":"+919831827623","email":""},{"id":4,"firstName":"💰DIGITAL INDIA","lastName":"OFFER","phoneNumber":"89789 94956","email":""},{"id":5,"firstName":"Gst","lastName":"No","phoneNumber":"","email":""},{"id":6,"firstName":"24","lastName":"Debasish","phoneNumber":"+919830442414","email":""},{"id":7,"firstName":"24ghanta","lastName":"Subo","phoneNumber":"+919163174788","email":""},{"id":8,"firstName":"24ghanta","lastName":"Watsap","phoneNumber":"+919062529292","email":""},{"id":9,"firstName":"Vivo","lastName":"Sudip","phoneNumber":"+918336971463","email":""},{"id":10,"firstName":"Vivo","lastName":"Suman","phoneNumber":"+918336990224","email":""},{"id":11,"firstName":"Vivo","lastName":"Suparna","phoneNumber":"983-694-9299","email":""},{"id":12,"firstName":"Vivo","lastName":"Surajit","phoneNumber":"+919735322333","email":""},{"id":13,"firstName":"Voda","lastName":"Asm2019","phoneNumber":"908-800-8605","email":""},{"id":14,"firstName":"Voda","lastName":"2018","phoneNumber":"983-007-4082","email":""},{"id":15,"firstName":"Voda","lastName":"zbm","phoneNumber":"+919830074677","email":""},{"id":16,"firstName":"Voda","lastName":"Laltu","phoneNumber":"983-694-4262","email":""},{"id":17,"firstName":"Voda","lastName":"Banerjee","phoneNumber":"983-007-4652","email":""},{"id":18,"firstName":"W ","lastName":"","phoneNumber":"983-155-2325","email":""},{"id":19,"firstName":"West","lastName":"Dipankar","phoneNumber":"+919836742224","email":""},{"id":20,"firstName":"Worlpol Service Center","lastName":"","phoneNumber":"1-800-208-1800","email":""},{"id":21,"firstName":"Worlpool","lastName":"Washing","phoneNumber":"+918584874961","email":""},{"id":22,"firstName":"xerox","lastName":"da","phoneNumber":"98364 99115","email":""},{"id":23,"firstName":"Xv","lastName":"Office","phoneNumber":"+918250964358","email":""},{"id":24,"firstName":"Z","lastName":"","phoneNumber":"+44 7452 316308","email":""},{"id":25,"firstName":"Zam Zam Khan Chacha","lastName":"","phoneNumber":"990-334-5337","email":""},{"id":26,"firstName":"zammy","lastName":"Csgo","phoneNumber":"+91 98730 50759","email":""},{"id":27,"firstName":"Zenith Atanu","lastName":"","phoneNumber":"983-086-4795","email":""},{"id":28,"firstName":"Zoo Doctor","lastName":"","phoneNumber":"+919734387009","email":""},{"id":29,"firstName":"ডোমজুড় থানা","lastName":"Station","phoneNumber":"+913326700208","email":""}]
2020-08-16 21:33:00,940 [INFO] org.springframework.orm.jpa.LocalContainerEntityManagerFactoryBean [SpringContextShutdownHook] Closing JPA EntityManagerFactory for persistence unit 'default'
2020-08-16 21:33:00,940 [INFO] org.hibernate.tool.schema.internal.SchemaDropperImpl$DelayedDropActionImpl [SpringContextShutdownHook] HHH000477: Starting delayed evictData of schema as part of SessionFactory shut-down'
2020-08-16 21:33:00,958 [INFO] org.springframework.scheduling.concurrent.ThreadPoolTaskExecutor [SpringContextShutdownHook] Shutting down ExecutorService 'applicationTaskExecutor'
2020-08-16 21:33:01,170 [WARN] org.springframework.beans.factory.support.DisposableBeanAdapter [SpringContextShutdownHook] Invocation of destroy method failed on bean with name 'inMemoryDatabaseShutdownExecutor': org.h2.jdbc.JdbcSQLNonTransientConnectionException: Database is already closed (to disable automatic closing at VM shutdown, add ";DB_CLOSE_ON_EXIT=FALSE" to the db URL) [90121-200]
2020-08-16 21:33:01,171 [INFO] com.zaxxer.hikari.HikariDataSource [SpringContextShutdownHook] HikariPool-1 - Shutdown initiated...
2020-08-16 21:33:01,185 [INFO] com.zaxxer.hikari.HikariDataSource [SpringContextShutdownHook] HikariPool-1 - Shutdown completed.
